<?xml version="1.0" encoding="UTF-8"?>
<!-- Generated by org.testng.reporters.JUnitXMLReporter -->
<testsuite ignored="0" hostname="DESKTOP-OCKNQPC" failures="0" tests="3" name="Default test" time="9.225" errors="0" timestamp="2023-07-07T16:45:11 IST">
  <testcase classname="selenium.Action" name="startTest" time="5.821"/>
  <testcase classname="selenium.Action" name="login" time="3.302"/>
  <testcase classname="selenium.Action" name="booking" time="0.041"/>
</testsuite> <!-- Default test -->
