<?xml version="1.0" encoding="UTF-8"?>
<testng-results ignored="0" total="3" passed="3" failed="0" skipped="0">
  <reporter-output>
  </reporter-output>
  <suite started-at="2023-07-07T16:45:02 IST" name="Default suite" finished-at="2023-07-07T16:45:11 IST" duration-ms="9225">
    <groups>
    </groups>
    <test started-at="2023-07-07T16:45:02 IST" name="Default test" finished-at="2023-07-07T16:45:11 IST" duration-ms="9225">
      <class name="selenium.Action">
        <test-method signature="startTest()[pri:1, instance:selenium.Action@7c137fd5]" started-at="2023-07-07T16:45:02 IST" name="startTest" finished-at="2023-07-07T16:45:08 IST" duration-ms="5821" status="PASS">
          <reporter-output>
          </reporter-output>
        </test-method> <!-- startTest -->
        <test-method signature="login()[pri:2, instance:selenium.Action@7c137fd5]" started-at="2023-07-07T16:45:08 IST" name="login" finished-at="2023-07-07T16:45:11 IST" duration-ms="3302" status="PASS">
          <reporter-output>
          </reporter-output>
        </test-method> <!-- login -->
        <test-method signature="booking()[pri:3, instance:selenium.Action@7c137fd5]" started-at="2023-07-07T16:45:11 IST" name="booking" finished-at="2023-07-07T16:45:11 IST" duration-ms="41" status="PASS">
          <reporter-output>
          </reporter-output>
        </test-method> <!-- booking -->
      </class> <!-- selenium.Action -->
    </test> <!-- Default test -->
  </suite> <!-- Default suite -->
</testng-results>
